Copyright 1986-2017 Xilinx, Inc. All Rights Reserved.
----------------------------------------------------------------------------------------
| Tool Version : Vivado v.2017.2 (win64) Build 1909853 Thu Jun 15 18:39:09 MDT 2017
| Date         : Wed Nov  1 13:15:07 2017
| Host         : RM100B7 running 64-bit major release  (build 9200)
| Command      : report_control_sets -verbose -file RAT_wrapper_control_sets_placed.rpt
| Design       : RAT_wrapper
| Device       : xc7a35t
----------------------------------------------------------------------------------------

Control Set Information

Table of Contents
-----------------
1. Summary
2. Flip-Flop Distribution
3. Detailed Control Set Information

1. Summary
----------

+----------------------------------------------------------+-------+
|                          Status                          | Count |
+----------------------------------------------------------+-------+
| Number of unique control sets                            |    11 |
| Unused register locations in slices containing registers |    23 |
+----------------------------------------------------------+-------+


2. Flip-Flop Distribution
-------------------------

+--------------+-----------------------+------------------------+-----------------+--------------+
| Clock Enable | Synchronous Set/Reset | Asynchronous Set/Reset | Total Registers | Total Slices |
+--------------+-----------------------+------------------------+-----------------+--------------+
| No           | No                    | No                     |              11 |            7 |
| No           | No                    | Yes                    |               0 |            0 |
| No           | Yes                   | No                     |               0 |            0 |
| Yes          | No                    | No                     |              28 |           16 |
| Yes          | No                    | Yes                    |              18 |            8 |
| Yes          | Yes                   | No                     |               0 |            0 |
+--------------+-----------------------+------------------------+-----------------+--------------+


3. Detailed Control Set Information
-----------------------------------

+------------------------------+--------------------------------------+------------------+------------------+----------------+
|         Clock Signal         |             Enable Signal            | Set/Reset Signal | Slice Load Count | Bel Load Count |
+------------------------------+--------------------------------------+------------------+------------------+----------------+
|  CLK_IBUF_BUFG               |                                      |                  |                1 |              1 |
|  MCU/my_cu/NS_reg[1]_i_2_n_0 |                                      |                  |                1 |              2 |
|  s_clk_BUFG                  | MCU/my_prog_rom/r_DISP_EN_reg[0][0]  |                  |                2 |              4 |
|  s_clk_BUFG                  |                                      |                  |                5 |              8 |
|  s_clk_BUFG                  | MCU/my_prog_rom/E[0]                 |                  |                5 |              8 |
|  s_clk_BUFG                  | MCU/my_prog_rom/r_LEDS_HI_reg[7][0]  |                  |                4 |              8 |
|  s_clk_BUFG                  | MCU/my_prog_rom/r_SEGMENTS_reg[7][0] |                  |                5 |              8 |
|  s_clk_BUFG                  | MCU/my_prog_rom/t_cnt_reg[0]_0[0]    | RESET_IBUF       |                2 |              8 |
|  s_clk_BUFG                  | MCU/my_cu/E[0]                       | MCU/my_cu/AR[0]  |                6 |             10 |
|  s_clk_BUFG                  | MCU/my_prog_rom/RF_WR                |                  |                2 |             16 |
|  s_clk_BUFG                  | MCU/my_prog_rom/WE                   |                  |               10 |             40 |
+------------------------------+--------------------------------------+------------------+------------------+----------------+


+--------+-----------------------+
| Fanout | Number of ControlSets |
+--------+-----------------------+
| 1      |                     1 |
| 2      |                     1 |
| 4      |                     1 |
| 8      |                     5 |
| 10     |                     1 |
| 16+    |                     2 |
+--------+-----------------------+


